{"E:\\Study projects\\WebPack\\src\\components\\BaseElement.js": {"path":"E:\\Study projects\\WebPack\\src\\components\\BaseElement.js","all":false,"statementMap":{"0":{"start":{"line":1,"column":0},"end":{"line":1,"column":13}},"1":{"start":{"line":2,"column":0},"end":{"line":2,"column":0}},"2":{"start":{"line":3,"column":0},"end":{"line":3,"column":44}},"3":{"start":{"line":4,"column":0},"end":{"line":4,"column":0}},"4":{"start":{"line":5,"column":0},"end":{"line":5,"column":26}},"5":{"start":{"line":6,"column":0},"end":{"line":6,"column":47}},"6":{"start":{"line":7,"column":0},"end":{"line":7,"column":0}},"7":{"start":{"line":8,"column":0},"end":{"line":8,"column":20}},"8":{"start":{"line":9,"column":0},"end":{"line":9,"column":12}},"9":{"start":{"line":10,"column":0},"end":{"line":10,"column":54}},"10":{"start":{"line":11,"column":0},"end":{"line":11,"column":3}},"11":{"start":{"line":12,"column":0},"end":{"line":12,"column":0}},"12":{"start":{"line":13,"column":0},"end":{"line":13,"column":22}},"13":{"start":{"line":14,"column":0},"end":{"line":14,"column":27}},"14":{"start":{"line":15,"column":0},"end":{"line":15,"column":13}},"15":{"start":{"line":16,"column":0},"end":{"line":16,"column":0}},"16":{"start":{"line":17,"column":0},"end":{"line":17,"column":46}},"17":{"start":{"line":18,"column":0},"end":{"line":18,"column":0}},"18":{"start":{"line":19,"column":0},"end":{"line":19,"column":16}},"19":{"start":{"line":20,"column":0},"end":{"line":20,"column":3}},"20":{"start":{"line":21,"column":0},"end":{"line":21,"column":0}},"21":{"start":{"line":22,"column":0},"end":{"line":22,"column":25}},"22":{"start":{"line":23,"column":0},"end":{"line":23,"column":27}},"23":{"start":{"line":24,"column":0},"end":{"line":24,"column":13}},"24":{"start":{"line":25,"column":0},"end":{"line":25,"column":0}},"25":{"start":{"line":26,"column":0},"end":{"line":26,"column":49}},"26":{"start":{"line":27,"column":0},"end":{"line":27,"column":0}},"27":{"start":{"line":28,"column":0},"end":{"line":28,"column":16}},"28":{"start":{"line":29,"column":0},"end":{"line":29,"column":3}},"29":{"start":{"line":30,"column":0},"end":{"line":30,"column":0}},"30":{"start":{"line":31,"column":0},"end":{"line":31,"column":26}},"31":{"start":{"line":32,"column":0},"end":{"line":32,"column":27}},"32":{"start":{"line":33,"column":0},"end":{"line":33,"column":13}},"33":{"start":{"line":34,"column":0},"end":{"line":34,"column":0}},"34":{"start":{"line":35,"column":0},"end":{"line":35,"column":50}},"35":{"start":{"line":36,"column":0},"end":{"line":36,"column":0}},"36":{"start":{"line":37,"column":0},"end":{"line":37,"column":16}},"37":{"start":{"line":38,"column":0},"end":{"line":38,"column":3}},"38":{"start":{"line":39,"column":0},"end":{"line":39,"column":0}},"39":{"start":{"line":40,"column":0},"end":{"line":40,"column":29}},"40":{"start":{"line":41,"column":0},"end":{"line":41,"column":27}},"41":{"start":{"line":42,"column":0},"end":{"line":42,"column":13}},"42":{"start":{"line":43,"column":0},"end":{"line":43,"column":0}},"43":{"start":{"line":44,"column":0},"end":{"line":44,"column":48}},"44":{"start":{"line":45,"column":0},"end":{"line":45,"column":0}},"45":{"start":{"line":46,"column":0},"end":{"line":46,"column":16}},"46":{"start":{"line":47,"column":0},"end":{"line":47,"column":3}},"47":{"start":{"line":48,"column":0},"end":{"line":48,"column":0}},"48":{"start":{"line":49,"column":0},"end":{"line":49,"column":34}},"49":{"start":{"line":50,"column":0},"end":{"line":50,"column":27}},"50":{"start":{"line":51,"column":0},"end":{"line":51,"column":13}},"51":{"start":{"line":52,"column":0},"end":{"line":52,"column":0}},"52":{"start":{"line":53,"column":0},"end":{"line":53,"column":59}},"53":{"start":{"line":54,"column":0},"end":{"line":54,"column":50}},"54":{"start":{"line":55,"column":0},"end":{"line":55,"column":7}},"55":{"start":{"line":56,"column":0},"end":{"line":56,"column":0}},"56":{"start":{"line":57,"column":0},"end":{"line":57,"column":16}},"57":{"start":{"line":58,"column":0},"end":{"line":58,"column":3}},"58":{"start":{"line":59,"column":0},"end":{"line":59,"column":0}},"59":{"start":{"line":60,"column":0},"end":{"line":60,"column":25}},"60":{"start":{"line":61,"column":0},"end":{"line":61,"column":27}},"61":{"start":{"line":62,"column":0},"end":{"line":62,"column":13}},"62":{"start":{"line":63,"column":0},"end":{"line":63,"column":0}},"63":{"start":{"line":64,"column":0},"end":{"line":64,"column":44}},"64":{"start":{"line":65,"column":0},"end":{"line":65,"column":0}},"65":{"start":{"line":66,"column":0},"end":{"line":66,"column":16}},"66":{"start":{"line":67,"column":0},"end":{"line":67,"column":3}},"67":{"start":{"line":68,"column":0},"end":{"line":68,"column":0}},"68":{"start":{"line":69,"column":0},"end":{"line":69,"column":26}},"69":{"start":{"line":70,"column":0},"end":{"line":70,"column":27}},"70":{"start":{"line":71,"column":0},"end":{"line":71,"column":13}},"71":{"start":{"line":72,"column":0},"end":{"line":72,"column":0}},"72":{"start":{"line":73,"column":0},"end":{"line":73,"column":61}},"73":{"start":{"line":74,"column":0},"end":{"line":74,"column":0}},"74":{"start":{"line":75,"column":0},"end":{"line":75,"column":16}},"75":{"start":{"line":76,"column":0},"end":{"line":76,"column":3}},"76":{"start":{"line":77,"column":0},"end":{"line":77,"column":0}},"77":{"start":{"line":78,"column":0},"end":{"line":78,"column":22}},"78":{"start":{"line":79,"column":0},"end":{"line":79,"column":27}},"79":{"start":{"line":80,"column":0},"end":{"line":80,"column":13}},"80":{"start":{"line":81,"column":0},"end":{"line":81,"column":0}},"81":{"start":{"line":82,"column":0},"end":{"line":82,"column":50}},"82":{"start":{"line":83,"column":0},"end":{"line":83,"column":0}},"83":{"start":{"line":84,"column":0},"end":{"line":84,"column":16}},"84":{"start":{"line":85,"column":0},"end":{"line":85,"column":3}},"85":{"start":{"line":86,"column":0},"end":{"line":86,"column":0}},"86":{"start":{"line":87,"column":0},"end":{"line":87,"column":52}},"87":{"start":{"line":88,"column":0},"end":{"line":88,"column":27}},"88":{"start":{"line":89,"column":0},"end":{"line":89,"column":13}},"89":{"start":{"line":90,"column":0},"end":{"line":90,"column":0}},"90":{"start":{"line":91,"column":0},"end":{"line":91,"column":77}},"91":{"start":{"line":92,"column":0},"end":{"line":92,"column":0}},"92":{"start":{"line":93,"column":0},"end":{"line":93,"column":16}},"93":{"start":{"line":94,"column":0},"end":{"line":94,"column":3}},"94":{"start":{"line":95,"column":0},"end":{"line":95,"column":0}},"95":{"start":{"line":96,"column":0},"end":{"line":96,"column":20}},"96":{"start":{"line":97,"column":0},"end":{"line":97,"column":27}},"97":{"start":{"line":98,"column":0},"end":{"line":98,"column":13}},"98":{"start":{"line":99,"column":0},"end":{"line":99,"column":0}},"99":{"start":{"line":100,"column":0},"end":{"line":100,"column":40}},"100":{"start":{"line":101,"column":0},"end":{"line":101,"column":0}},"101":{"start":{"line":102,"column":0},"end":{"line":102,"column":16}},"102":{"start":{"line":103,"column":0},"end":{"line":103,"column":3}},"103":{"start":{"line":104,"column":0},"end":{"line":104,"column":0}},"104":{"start":{"line":105,"column":0},"end":{"line":105,"column":23}},"105":{"start":{"line":106,"column":0},"end":{"line":106,"column":27}},"106":{"start":{"line":107,"column":0},"end":{"line":107,"column":13}},"107":{"start":{"line":108,"column":0},"end":{"line":108,"column":0}},"108":{"start":{"line":109,"column":0},"end":{"line":109,"column":41}},"109":{"start":{"line":110,"column":0},"end":{"line":110,"column":0}},"110":{"start":{"line":111,"column":0},"end":{"line":111,"column":16}},"111":{"start":{"line":112,"column":0},"end":{"line":112,"column":3}},"112":{"start":{"line":113,"column":0},"end":{"line":113,"column":0}},"113":{"start":{"line":114,"column":0},"end":{"line":114,"column":22}},"114":{"start":{"line":115,"column":0},"end":{"line":115,"column":27}},"115":{"start":{"line":116,"column":0},"end":{"line":116,"column":13}},"116":{"start":{"line":117,"column":0},"end":{"line":117,"column":0}},"117":{"start":{"line":118,"column":0},"end":{"line":118,"column":44}},"118":{"start":{"line":119,"column":0},"end":{"line":119,"column":0}},"119":{"start":{"line":120,"column":0},"end":{"line":120,"column":16}},"120":{"start":{"line":121,"column":0},"end":{"line":121,"column":3}},"121":{"start":{"line":122,"column":0},"end":{"line":122,"column":0}},"122":{"start":{"line":123,"column":0},"end":{"line":123,"column":44}},"123":{"start":{"line":124,"column":0},"end":{"line":124,"column":27}},"124":{"start":{"line":125,"column":0},"end":{"line":125,"column":13}},"125":{"start":{"line":126,"column":0},"end":{"line":126,"column":0}},"126":{"start":{"line":127,"column":0},"end":{"line":127,"column":37}},"127":{"start":{"line":128,"column":0},"end":{"line":128,"column":46}},"128":{"start":{"line":129,"column":0},"end":{"line":129,"column":43}},"129":{"start":{"line":130,"column":0},"end":{"line":130,"column":71}},"130":{"start":{"line":131,"column":0},"end":{"line":131,"column":5}},"131":{"start":{"line":132,"column":0},"end":{"line":132,"column":0}},"132":{"start":{"line":133,"column":0},"end":{"line":133,"column":16}},"133":{"start":{"line":134,"column":0},"end":{"line":134,"column":3}},"134":{"start":{"line":135,"column":0},"end":{"line":135,"column":0}},"135":{"start":{"line":136,"column":0},"end":{"line":136,"column":29}},"136":{"start":{"line":137,"column":0},"end":{"line":137,"column":27}},"137":{"start":{"line":138,"column":0},"end":{"line":138,"column":13}},"138":{"start":{"line":139,"column":0},"end":{"line":139,"column":0}},"139":{"start":{"line":140,"column":0},"end":{"line":140,"column":41}},"140":{"start":{"line":141,"column":0},"end":{"line":141,"column":0}},"141":{"start":{"line":142,"column":0},"end":{"line":142,"column":16}},"142":{"start":{"line":143,"column":0},"end":{"line":143,"column":3}},"143":{"start":{"line":144,"column":0},"end":{"line":144,"column":0}},"144":{"start":{"line":145,"column":0},"end":{"line":145,"column":30}},"145":{"start":{"line":146,"column":0},"end":{"line":146,"column":27}},"146":{"start":{"line":147,"column":0},"end":{"line":147,"column":13}},"147":{"start":{"line":148,"column":0},"end":{"line":148,"column":0}},"148":{"start":{"line":149,"column":0},"end":{"line":149,"column":42}},"149":{"start":{"line":150,"column":0},"end":{"line":150,"column":0}},"150":{"start":{"line":151,"column":0},"end":{"line":151,"column":16}},"151":{"start":{"line":152,"column":0},"end":{"line":152,"column":3}},"152":{"start":{"line":153,"column":0},"end":{"line":153,"column":0}},"153":{"start":{"line":154,"column":0},"end":{"line":154,"column":12}},"154":{"start":{"line":155,"column":0},"end":{"line":155,"column":27}},"155":{"start":{"line":156,"column":0},"end":{"line":156,"column":13}},"156":{"start":{"line":157,"column":0},"end":{"line":157,"column":0}},"157":{"start":{"line":158,"column":0},"end":{"line":158,"column":31}},"158":{"start":{"line":159,"column":0},"end":{"line":159,"column":29}},"159":{"start":{"line":160,"column":0},"end":{"line":160,"column":3}},"160":{"start":{"line":161,"column":0},"end":{"line":161,"column":0}},"161":{"start":{"line":162,"column":0},"end":{"line":162,"column":20}},"162":{"start":{"line":163,"column":0},"end":{"line":163,"column":27}},"163":{"start":{"line":164,"column":0},"end":{"line":164,"column":13}},"164":{"start":{"line":165,"column":0},"end":{"line":165,"column":0}},"165":{"start":{"line":166,"column":0},"end":{"line":166,"column":29}},"166":{"start":{"line":167,"column":0},"end":{"line":167,"column":3}},"167":{"start":{"line":168,"column":0},"end":{"line":168,"column":1}}},"s":{"0":1,"1":1,"2":1,"3":1,"4":1,"5":1,"6":1,"7":1,"8":46,"9":46,"10":46,"11":1,"12":1,"13":4,"14":4,"15":4,"16":4,"17":4,"18":4,"19":4,"20":1,"21":1,"22":2,"23":2,"24":2,"25":2,"26":2,"27":2,"28":2,"29":1,"30":1,"31":2,"32":2,"33":2,"34":2,"35":2,"36":2,"37":2,"38":1,"39":1,"40":2,"41":2,"42":2,"43":2,"44":2,"45":2,"46":2,"47":1,"48":1,"49":2,"50":2,"51":2,"52":2,"53":3,"54":2,"55":2,"56":2,"57":2,"58":1,"59":1,"60":1,"61":1,"62":1,"63":1,"64":1,"65":1,"66":1,"67":1,"68":1,"69":2,"70":2,"71":2,"72":2,"73":2,"74":2,"75":2,"76":1,"77":1,"78":2,"79":2,"80":2,"81":2,"82":2,"83":2,"84":2,"85":1,"86":1,"87":1,"88":1,"89":1,"90":1,"91":1,"92":1,"93":1,"94":1,"95":1,"96":2,"97":2,"98":2,"99":2,"100":2,"101":2,"102":2,"103":1,"104":1,"105":1,"106":1,"107":1,"108":1,"109":1,"110":1,"111":1,"112":1,"113":1,"114":1,"115":1,"116":1,"117":1,"118":1,"119":1,"120":1,"121":1,"122":1,"123":3,"124":3,"125":3,"126":3,"127":1,"128":3,"129":1,"130":1,"131":3,"132":3,"133":3,"134":1,"135":1,"136":2,"137":2,"138":2,"139":2,"140":2,"141":2,"142":2,"143":1,"144":1,"145":1,"146":1,"147":1,"148":1,"149":1,"150":1,"151":1,"152":1,"153":1,"154":20,"155":20,"156":20,"157":20,"158":20,"159":20,"160":1,"161":1,"162":29,"163":29,"164":29,"165":29,"166":29,"167":1},"branchMap":{"0":{"type":"branch","line":6,"loc":{"start":{"line":6,"column":2},"end":{"line":6,"column":46}},"locations":[{"start":{"line":6,"column":2},"end":{"line":6,"column":46}}]},"1":{"type":"branch","line":8,"loc":{"start":{"line":8,"column":2},"end":{"line":11,"column":3}},"locations":[{"start":{"line":8,"column":2},"end":{"line":11,"column":3}}]},"2":{"type":"branch","line":10,"loc":{"start":{"line":10,"column":6},"end":{"line":10,"column":54}},"locations":[{"start":{"line":10,"column":6},"end":{"line":10,"column":54}}]},"3":{"type":"branch","line":13,"loc":{"start":{"line":13,"column":2},"end":{"line":20,"column":3}},"locations":[{"start":{"line":13,"column":2},"end":{"line":20,"column":3}}]},"4":{"type":"branch","line":15,"loc":{"start":{"line":15,"column":6},"end":{"line":15,"column":13}},"locations":[{"start":{"line":15,"column":6},"end":{"line":15,"column":13}}]},"5":{"type":"branch","line":22,"loc":{"start":{"line":22,"column":2},"end":{"line":29,"column":3}},"locations":[{"start":{"line":22,"column":2},"end":{"line":29,"column":3}}]},"6":{"type":"branch","line":24,"loc":{"start":{"line":24,"column":6},"end":{"line":24,"column":13}},"locations":[{"start":{"line":24,"column":6},"end":{"line":24,"column":13}}]},"7":{"type":"branch","line":31,"loc":{"start":{"line":31,"column":2},"end":{"line":38,"column":3}},"locations":[{"start":{"line":31,"column":2},"end":{"line":38,"column":3}}]},"8":{"type":"branch","line":33,"loc":{"start":{"line":33,"column":6},"end":{"line":33,"column":13}},"locations":[{"start":{"line":33,"column":6},"end":{"line":33,"column":13}}]},"9":{"type":"branch","line":40,"loc":{"start":{"line":40,"column":2},"end":{"line":47,"column":3}},"locations":[{"start":{"line":40,"column":2},"end":{"line":47,"column":3}}]},"10":{"type":"branch","line":42,"loc":{"start":{"line":42,"column":6},"end":{"line":42,"column":13}},"locations":[{"start":{"line":42,"column":6},"end":{"line":42,"column":13}}]},"11":{"type":"branch","line":49,"loc":{"start":{"line":49,"column":2},"end":{"line":58,"column":3}},"locations":[{"start":{"line":49,"column":2},"end":{"line":58,"column":3}}]},"12":{"type":"branch","line":51,"loc":{"start":{"line":51,"column":6},"end":{"line":51,"column":13}},"locations":[{"start":{"line":51,"column":6},"end":{"line":51,"column":13}}]},"13":{"type":"branch","line":53,"loc":{"start":{"line":53,"column":39},"end":{"line":55,"column":5}},"locations":[{"start":{"line":53,"column":39},"end":{"line":55,"column":5}}]},"14":{"type":"branch","line":60,"loc":{"start":{"line":60,"column":2},"end":{"line":67,"column":3}},"locations":[{"start":{"line":60,"column":2},"end":{"line":67,"column":3}}]},"15":{"type":"branch","line":62,"loc":{"start":{"line":62,"column":6},"end":{"line":62,"column":13}},"locations":[{"start":{"line":62,"column":6},"end":{"line":62,"column":13}}]},"16":{"type":"branch","line":69,"loc":{"start":{"line":69,"column":2},"end":{"line":76,"column":3}},"locations":[{"start":{"line":69,"column":2},"end":{"line":76,"column":3}}]},"17":{"type":"branch","line":71,"loc":{"start":{"line":71,"column":6},"end":{"line":71,"column":13}},"locations":[{"start":{"line":71,"column":6},"end":{"line":71,"column":13}}]},"18":{"type":"branch","line":78,"loc":{"start":{"line":78,"column":2},"end":{"line":85,"column":3}},"locations":[{"start":{"line":78,"column":2},"end":{"line":85,"column":3}}]},"19":{"type":"branch","line":80,"loc":{"start":{"line":80,"column":6},"end":{"line":80,"column":13}},"locations":[{"start":{"line":80,"column":6},"end":{"line":80,"column":13}}]},"20":{"type":"branch","line":87,"loc":{"start":{"line":87,"column":2},"end":{"line":94,"column":3}},"locations":[{"start":{"line":87,"column":2},"end":{"line":94,"column":3}}]},"21":{"type":"branch","line":89,"loc":{"start":{"line":89,"column":6},"end":{"line":89,"column":13}},"locations":[{"start":{"line":89,"column":6},"end":{"line":89,"column":13}}]},"22":{"type":"branch","line":96,"loc":{"start":{"line":96,"column":2},"end":{"line":103,"column":3}},"locations":[{"start":{"line":96,"column":2},"end":{"line":103,"column":3}}]},"23":{"type":"branch","line":98,"loc":{"start":{"line":98,"column":6},"end":{"line":98,"column":13}},"locations":[{"start":{"line":98,"column":6},"end":{"line":98,"column":13}}]},"24":{"type":"branch","line":105,"loc":{"start":{"line":105,"column":2},"end":{"line":112,"column":3}},"locations":[{"start":{"line":105,"column":2},"end":{"line":112,"column":3}}]},"25":{"type":"branch","line":107,"loc":{"start":{"line":107,"column":6},"end":{"line":107,"column":13}},"locations":[{"start":{"line":107,"column":6},"end":{"line":107,"column":13}}]},"26":{"type":"branch","line":114,"loc":{"start":{"line":114,"column":2},"end":{"line":121,"column":3}},"locations":[{"start":{"line":114,"column":2},"end":{"line":121,"column":3}}]},"27":{"type":"branch","line":116,"loc":{"start":{"line":116,"column":6},"end":{"line":116,"column":13}},"locations":[{"start":{"line":116,"column":6},"end":{"line":116,"column":13}}]},"28":{"type":"branch","line":123,"loc":{"start":{"line":123,"column":2},"end":{"line":134,"column":3}},"locations":[{"start":{"line":123,"column":2},"end":{"line":134,"column":3}}]},"29":{"type":"branch","line":125,"loc":{"start":{"line":125,"column":6},"end":{"line":125,"column":13}},"locations":[{"start":{"line":125,"column":6},"end":{"line":125,"column":13}}]},"30":{"type":"branch","line":127,"loc":{"start":{"line":127,"column":17},"end":{"line":127,"column":34}},"locations":[{"start":{"line":127,"column":17},"end":{"line":127,"column":34}}]},"31":{"type":"branch","line":127,"loc":{"start":{"line":127,"column":36},"end":{"line":129,"column":5}},"locations":[{"start":{"line":127,"column":36},"end":{"line":129,"column":5}}]},"32":{"type":"branch","line":129,"loc":{"start":{"line":129,"column":5},"end":{"line":131,"column":5}},"locations":[{"start":{"line":129,"column":5},"end":{"line":131,"column":5}}]},"33":{"type":"branch","line":129,"loc":{"start":{"line":129,"column":23},"end":{"line":129,"column":40}},"locations":[{"start":{"line":129,"column":23},"end":{"line":129,"column":40}}]},"34":{"type":"branch","line":129,"loc":{"start":{"line":129,"column":42},"end":{"line":131,"column":5}},"locations":[{"start":{"line":129,"column":42},"end":{"line":131,"column":5}}]},"35":{"type":"branch","line":136,"loc":{"start":{"line":136,"column":2},"end":{"line":143,"column":3}},"locations":[{"start":{"line":136,"column":2},"end":{"line":143,"column":3}}]},"36":{"type":"branch","line":138,"loc":{"start":{"line":138,"column":6},"end":{"line":138,"column":13}},"locations":[{"start":{"line":138,"column":6},"end":{"line":138,"column":13}}]},"37":{"type":"branch","line":145,"loc":{"start":{"line":145,"column":2},"end":{"line":152,"column":3}},"locations":[{"start":{"line":145,"column":2},"end":{"line":152,"column":3}}]},"38":{"type":"branch","line":147,"loc":{"start":{"line":147,"column":6},"end":{"line":147,"column":13}},"locations":[{"start":{"line":147,"column":6},"end":{"line":147,"column":13}}]},"39":{"type":"branch","line":154,"loc":{"start":{"line":154,"column":2},"end":{"line":160,"column":3}},"locations":[{"start":{"line":154,"column":2},"end":{"line":160,"column":3}}]},"40":{"type":"branch","line":156,"loc":{"start":{"line":156,"column":6},"end":{"line":156,"column":13}},"locations":[{"start":{"line":156,"column":6},"end":{"line":156,"column":13}}]},"41":{"type":"branch","line":162,"loc":{"start":{"line":162,"column":2},"end":{"line":167,"column":3}},"locations":[{"start":{"line":162,"column":2},"end":{"line":167,"column":3}}]},"42":{"type":"branch","line":164,"loc":{"start":{"line":164,"column":6},"end":{"line":164,"column":13}},"locations":[{"start":{"line":164,"column":6},"end":{"line":164,"column":13}}]}},"b":{"0":[46],"1":[46],"2":[26],"3":[4],"4":[0],"5":[2],"6":[0],"7":[2],"8":[0],"9":[2],"10":[0],"11":[2],"12":[0],"13":[3],"14":[1],"15":[0],"16":[2],"17":[0],"18":[2],"19":[0],"20":[1],"21":[0],"22":[2],"23":[0],"24":[1],"25":[0],"26":[1],"27":[0],"28":[3],"29":[0],"30":[2],"31":[1],"32":[2],"33":[1],"34":[1],"35":[2],"36":[0],"37":[1],"38":[0],"39":[20],"40":[0],"41":[29],"42":[0]},"fnMap":{"0":{"name":"<instance_members_initializer>","decl":{"start":{"line":6,"column":2},"end":{"line":6,"column":46}},"loc":{"start":{"line":6,"column":2},"end":{"line":6,"column":46}},"line":6},"1":{"name":"BaseElement","decl":{"start":{"line":8,"column":2},"end":{"line":11,"column":3}},"loc":{"start":{"line":8,"column":2},"end":{"line":11,"column":3}},"line":8},"2":{"name":"addClass","decl":{"start":{"line":13,"column":2},"end":{"line":20,"column":3}},"loc":{"start":{"line":13,"column":2},"end":{"line":20,"column":3}},"line":13},"3":{"name":"removeClass","decl":{"start":{"line":22,"column":2},"end":{"line":29,"column":3}},"loc":{"start":{"line":22,"column":2},"end":{"line":29,"column":3}},"line":22},"4":{"name":"toggleClass","decl":{"start":{"line":31,"column":2},"end":{"line":38,"column":3}},"loc":{"start":{"line":31,"column":2},"end":{"line":38,"column":3}},"line":31},"5":{"name":"addAttribute","decl":{"start":{"line":40,"column":2},"end":{"line":47,"column":3}},"loc":{"start":{"line":40,"column":2},"end":{"line":47,"column":3}},"line":40},"6":{"name":"setAttributes","decl":{"start":{"line":49,"column":2},"end":{"line":58,"column":3}},"loc":{"start":{"line":49,"column":2},"end":{"line":58,"column":3}},"line":49},"7":{"name":"deleteAttribute","decl":{"start":{"line":60,"column":2},"end":{"line":67,"column":3}},"loc":{"start":{"line":60,"column":2},"end":{"line":67,"column":3}},"line":60},"8":{"name":"addStyle","decl":{"start":{"line":69,"column":2},"end":{"line":76,"column":3}},"loc":{"start":{"line":69,"column":2},"end":{"line":76,"column":3}},"line":69},"9":{"name":"removeStyle","decl":{"start":{"line":78,"column":2},"end":{"line":85,"column":3}},"loc":{"start":{"line":78,"column":2},"end":{"line":85,"column":3}},"line":78},"10":{"name":"event","decl":{"start":{"line":87,"column":2},"end":{"line":94,"column":3}},"loc":{"start":{"line":87,"column":2},"end":{"line":94,"column":3}},"line":87},"11":{"name":"innerHtml","decl":{"start":{"line":96,"column":2},"end":{"line":103,"column":3}},"loc":{"start":{"line":96,"column":2},"end":{"line":103,"column":3}},"line":96},"12":{"name":"addInnerHtml","decl":{"start":{"line":105,"column":2},"end":{"line":112,"column":3}},"loc":{"start":{"line":105,"column":2},"end":{"line":112,"column":3}},"line":105},"13":{"name":"text","decl":{"start":{"line":114,"column":2},"end":{"line":121,"column":3}},"loc":{"start":{"line":114,"column":2},"end":{"line":121,"column":3}},"line":114},"14":{"name":"appendTo","decl":{"start":{"line":123,"column":2},"end":{"line":134,"column":3}},"loc":{"start":{"line":123,"column":2},"end":{"line":134,"column":3}},"line":123},"15":{"name":"appendElement","decl":{"start":{"line":136,"column":2},"end":{"line":143,"column":3}},"loc":{"start":{"line":136,"column":2},"end":{"line":143,"column":3}},"line":136},"16":{"name":"prependElement","decl":{"start":{"line":145,"column":2},"end":{"line":152,"column":3}},"loc":{"start":{"line":145,"column":2},"end":{"line":152,"column":3}},"line":145},"17":{"name":"remove","decl":{"start":{"line":154,"column":2},"end":{"line":160,"column":3}},"loc":{"start":{"line":154,"column":2},"end":{"line":160,"column":3}},"line":154},"18":{"name":"get DOMElement","decl":{"start":{"line":162,"column":2},"end":{"line":167,"column":3}},"loc":{"start":{"line":162,"column":2},"end":{"line":167,"column":3}},"line":162}},"f":{"0":46,"1":46,"2":4,"3":2,"4":2,"5":2,"6":2,"7":1,"8":2,"9":2,"10":1,"11":2,"12":1,"13":1,"14":3,"15":2,"16":1,"17":20,"18":29}}
,"E:\\Study projects\\WebPack\\src\\components\\Utils.js": {"path":"E:\\Study projects\\WebPack\\src\\components\\Utils.js","all":false,"statementMap":{"0":{"start":{"line":1,"column":0},"end":{"line":1,"column":13}},"1":{"start":{"line":2,"column":0},"end":{"line":2,"column":0}},"2":{"start":{"line":3,"column":0},"end":{"line":3,"column":45}},"3":{"start":{"line":4,"column":0},"end":{"line":4,"column":56}},"4":{"start":{"line":5,"column":0},"end":{"line":5,"column":2}}},"s":{"0":1,"1":1,"2":1,"3":2,"4":2},"branchMap":{"0":{"type":"branch","line":3,"loc":{"start":{"line":3,"column":33},"end":{"line":5,"column":2}},"locations":[{"start":{"line":3,"column":33},"end":{"line":5,"column":2}}]}},"b":{"0":[2]},"fnMap":{"0":{"name":"kebabToCamelCase","decl":{"start":{"line":3,"column":33},"end":{"line":5,"column":2}},"loc":{"start":{"line":3,"column":33},"end":{"line":5,"column":2}},"line":3}},"f":{"0":2}}
}
