TN:
SF:src\components\BaseElement.js
FN:6,<instance_members_initializer>
FN:8,BaseElement
FN:13,addClass
FN:22,removeClass
FN:31,toggleClass
FN:40,addAttribute
FN:49,setAttributes
FN:60,deleteAttribute
FN:69,addStyle
FN:78,removeStyle
FN:87,event
FN:96,innerHtml
FN:105,addInnerHtml
FN:114,text
FN:123,appendTo
FN:136,appendElement
FN:145,prependElement
FN:154,remove
FN:162,get DOMElement
FNF:19
FNH:19
FNDA:46,<instance_members_initializer>
FNDA:46,BaseElement
FNDA:4,addClass
FNDA:2,removeClass
FNDA:2,toggleClass
FNDA:2,addAttribute
FNDA:2,setAttributes
FNDA:1,deleteAttribute
FNDA:2,addStyle
FNDA:2,removeStyle
FNDA:1,event
FNDA:2,innerHtml
FNDA:1,addInnerHtml
FNDA:1,text
FNDA:3,appendTo
FNDA:2,appendElement
FNDA:1,prependElement
FNDA:20,remove
FNDA:29,get DOMElement
DA:1,1
DA:2,1
DA:3,1
DA:4,1
DA:5,1
DA:6,1
DA:7,1
DA:8,1
DA:9,46
DA:10,46
DA:11,46
DA:12,1
DA:13,1
DA:14,4
DA:15,4
DA:16,4
DA:17,4
DA:18,4
DA:19,4
DA:20,4
DA:21,1
DA:22,1
DA:23,2
DA:24,2
DA:25,2
DA:26,2
DA:27,2
DA:28,2
DA:29,2
DA:30,1
DA:31,1
DA:32,2
DA:33,2
DA:34,2
DA:35,2
DA:36,2
DA:37,2
DA:38,2
DA:39,1
DA:40,1
DA:41,2
DA:42,2
DA:43,2
DA:44,2
DA:45,2
DA:46,2
DA:47,2
DA:48,1
DA:49,1
DA:50,2
DA:51,2
DA:52,2
DA:53,2
DA:54,3
DA:55,2
DA:56,2
DA:57,2
DA:58,2
DA:59,1
DA:60,1
DA:61,1
DA:62,1
DA:63,1
DA:64,1
DA:65,1
DA:66,1
DA:67,1
DA:68,1
DA:69,1
DA:70,2
DA:71,2
DA:72,2
DA:73,2
DA:74,2
DA:75,2
DA:76,2
DA:77,1
DA:78,1
DA:79,2
DA:80,2
DA:81,2
DA:82,2
DA:83,2
DA:84,2
DA:85,2
DA:86,1
DA:87,1
DA:88,1
DA:89,1
DA:90,1
DA:91,1
DA:92,1
DA:93,1
DA:94,1
DA:95,1
DA:96,1
DA:97,2
DA:98,2
DA:99,2
DA:100,2
DA:101,2
DA:102,2
DA:103,2
DA:104,1
DA:105,1
DA:106,1
DA:107,1
DA:108,1
DA:109,1
DA:110,1
DA:111,1
DA:112,1
DA:113,1
DA:114,1
DA:115,1
DA:116,1
DA:117,1
DA:118,1
DA:119,1
DA:120,1
DA:121,1
DA:122,1
DA:123,1
DA:124,3
DA:125,3
DA:126,3
DA:127,3
DA:128,1
DA:129,3
DA:130,1
DA:131,1
DA:132,3
DA:133,3
DA:134,3
DA:135,1
DA:136,1
DA:137,2
DA:138,2
DA:139,2
DA:140,2
DA:141,2
DA:142,2
DA:143,2
DA:144,1
DA:145,1
DA:146,1
DA:147,1
DA:148,1
DA:149,1
DA:150,1
DA:151,1
DA:152,1
DA:153,1
DA:154,1
DA:155,20
DA:156,20
DA:157,20
DA:158,20
DA:159,20
DA:160,20
DA:161,1
DA:162,1
DA:163,29
DA:164,29
DA:165,29
DA:166,29
DA:167,29
DA:168,1
LF:168
LH:168
BRDA:6,0,0,46
BRDA:8,1,0,46
BRDA:10,2,0,26
BRDA:13,3,0,4
BRDA:15,4,0,0
BRDA:22,5,0,2
BRDA:24,6,0,0
BRDA:31,7,0,2
BRDA:33,8,0,0
BRDA:40,9,0,2
BRDA:42,10,0,0
BRDA:49,11,0,2
BRDA:51,12,0,0
BRDA:53,13,0,3
BRDA:60,14,0,1
BRDA:62,15,0,0
BRDA:69,16,0,2
BRDA:71,17,0,0
BRDA:78,18,0,2
BRDA:80,19,0,0
BRDA:87,20,0,1
BRDA:89,21,0,0
BRDA:96,22,0,2
BRDA:98,23,0,0
BRDA:105,24,0,1
BRDA:107,25,0,0
BRDA:114,26,0,1
BRDA:116,27,0,0
BRDA:123,28,0,3
BRDA:125,29,0,0
BRDA:127,30,0,2
BRDA:127,31,0,1
BRDA:129,32,0,2
BRDA:129,33,0,1
BRDA:129,34,0,1
BRDA:136,35,0,2
BRDA:138,36,0,0
BRDA:145,37,0,1
BRDA:147,38,0,0
BRDA:154,39,0,20
BRDA:156,40,0,0
BRDA:162,41,0,29
BRDA:164,42,0,0
BRF:43
BRH:26
end_of_record
TN:
SF:src\components\Utils.js
FN:3,kebabToCamelCase
FNF:1
FNH:1
FNDA:2,kebabToCamelCase
DA:1,1
DA:2,1
DA:3,1
DA:4,2
DA:5,2
LF:5
LH:5
BRDA:3,0,0,2
BRF:1
BRH:1
end_of_record
